2018-03-26 15:24:14,101 INFO o.a.j.u.JMeterUtils: Setting Locale to en_EN
2018-03-26 15:24:14,116 INFO o.a.j.JMeter: Loading user properties from: user.properties
2018-03-26 15:24:14,116 INFO o.a.j.JMeter: Loading system properties from: system.properties
2018-03-26 15:24:14,116 INFO o.a.j.JMeter: Copyright (c) 1998-2018 The Apache Software Foundation
2018-03-26 15:24:14,116 INFO o.a.j.JMeter: Version 4.0 r1823414
2018-03-26 15:24:14,116 INFO o.a.j.JMeter: java.version=1.8.0_161
2018-03-26 15:24:14,116 INFO o.a.j.JMeter: java.vm.name=Java HotSpot(TM) 64-Bit Server VM
2018-03-26 15:24:14,116 INFO o.a.j.JMeter: os.name=Windows 10
2018-03-26 15:24:14,116 INFO o.a.j.JMeter: os.arch=amd64
2018-03-26 15:24:14,116 INFO o.a.j.JMeter: os.version=10.0
2018-03-26 15:24:14,116 INFO o.a.j.JMeter: file.encoding=Cp1258
2018-03-26 15:24:14,116 INFO o.a.j.JMeter: Max memory     =1073741824
2018-03-26 15:24:14,116 INFO o.a.j.JMeter: Available Processors =4
2018-03-26 15:24:14,132 INFO o.a.j.JMeter: Default Locale=English (EN)
2018-03-26 15:24:14,132 INFO o.a.j.JMeter: JMeter  Locale=English (EN)
2018-03-26 15:24:14,132 INFO o.a.j.JMeter: JMeterHome=C:\apache-jmeter-4.0
2018-03-26 15:24:14,132 INFO o.a.j.JMeter: user.dir  =C:\apache-jmeter-4.0\bin
2018-03-26 15:24:14,132 INFO o.a.j.JMeter: PWD       =C:\apache-jmeter-4.0\bin
2018-03-26 15:24:14,132 INFO o.a.j.JMeter: IP: 172.16.68.32 Name: Anonymous FullName: Anonymous
2018-03-26 15:24:14,285 INFO o.a.j.g.a.LookAndFeelCommand: Installing Darcula LAF
2018-03-26 15:24:14,301 INFO o.a.j.g.a.LookAndFeelCommand: Using look and feel: com.bulenkov.darcula.DarculaLaf [Darcula]
2018-03-26 15:24:14,301 INFO o.a.j.JMeter: Setting LAF to: com.bulenkov.darcula.DarculaLaf
2018-03-26 15:24:14,369 INFO o.a.j.JMeter: Loaded icon properties from org/apache/jmeter/images/icon.properties
2018-03-26 15:24:14,886 INFO o.a.j.e.u.CompoundVariable: Note: Function class names must contain the string: '.functions.'
2018-03-26 15:24:14,886 INFO o.a.j.e.u.CompoundVariable: Note: Function class names must not contain the string: '.gui.'
2018-03-26 15:24:16,489 INFO o.a.j.p.h.s.HTTPSamplerBase: Parser for text/html is org.apache.jmeter.protocol.http.parser.LagartoBasedHtmlParser
2018-03-26 15:24:16,489 INFO o.a.j.p.h.s.HTTPSamplerBase: Parser for application/xhtml+xml is org.apache.jmeter.protocol.http.parser.LagartoBasedHtmlParser
2018-03-26 15:24:16,489 INFO o.a.j.p.h.s.HTTPSamplerBase: Parser for application/xml is org.apache.jmeter.protocol.http.parser.LagartoBasedHtmlParser
2018-03-26 15:24:16,489 INFO o.a.j.p.h.s.HTTPSamplerBase: Parser for text/xml is org.apache.jmeter.protocol.http.parser.LagartoBasedHtmlParser
2018-03-26 15:24:16,489 INFO o.a.j.p.h.s.HTTPSamplerBase: Parser for text/vnd.wap.wml is org.apache.jmeter.protocol.http.parser.RegexpHTMLParser
2018-03-26 15:24:16,489 INFO o.a.j.p.h.s.HTTPSamplerBase: Parser for text/css is org.apache.jmeter.protocol.http.parser.CssParser
2018-03-26 15:24:16,906 INFO o.a.j.e.KeyToolUtils: keytool found at 'keytool'
2018-03-26 15:24:16,906 INFO o.a.j.p.h.p.ProxyControl: HTTP(S) Test Script Recorder SSL Proxy will use keys that support embedded 3rd party resources in file C:\apache-jmeter-4.0\bin\proxyserver.jks
2018-03-26 15:24:17,060 INFO o.a.j.s.FileServer: Default base='C:\apache-jmeter-4.0\bin'
2018-03-26 15:24:17,683 INFO o.a.j.s.SampleResult: Note: Sample TimeStamps are START times
2018-03-26 15:24:17,683 INFO o.a.j.s.SampleResult: sampleresult.default.encoding is set to ISO-8859-1
2018-03-26 15:24:17,683 INFO o.a.j.s.SampleResult: sampleresult.useNanoTime=true
2018-03-26 15:24:17,683 INFO o.a.j.s.SampleResult: sampleresult.nanoThreadSleep=5000
2018-03-26 15:24:46,316 INFO o.a.j.p.h.c.CookieManager: Settings: Delete null: true Check: true Allow variable: true Save: false Prefix: COOKIE_
2018-03-26 15:43:02,134 INFO o.a.j.s.FileServer: Set new base='C:\apache-jmeter-4.0\bin'
2018-03-26 15:43:02,250 INFO o.a.j.s.SaveService: Testplan (JMX) version: 2.2. Testlog (JTL) version: 2.2
2018-03-26 15:43:02,266 INFO o.a.j.s.SaveService: Using SaveService properties file encoding UTF-8
2018-03-26 15:43:02,266 INFO o.a.j.s.SaveService: Using SaveService properties version 4.0
2018-03-26 15:43:09,777 INFO o.a.j.e.StandardJMeterEngine: Running the test!
2018-03-26 15:43:09,793 INFO o.a.j.s.SampleEvent: List of sample_variables: []
2018-03-26 15:43:09,793 INFO o.a.j.s.SampleEvent: List of sample_variables: []
2018-03-26 15:43:09,793 INFO o.a.j.g.u.JMeterMenuBar: setRunning(true, *local*)
2018-03-26 15:43:09,925 INFO o.a.j.e.StandardJMeterEngine: Starting ThreadGroup: 1 : Thread Group
2018-03-26 15:43:09,925 INFO o.a.j.e.StandardJMeterEngine: Starting 5 threads for group Thread Group.
2018-03-26 15:43:09,925 INFO o.a.j.e.StandardJMeterEngine: Thread will continue on error
2018-03-26 15:43:09,925 INFO o.a.j.t.ThreadGroup: Starting thread group... number=1 threads=5 ramp-up=0 perThread=0.0 delayedStart=false
2018-03-26 15:43:09,940 INFO o.a.j.t.ThreadGroup: Started thread group number 1
2018-03-26 15:43:09,940 INFO o.a.j.e.StandardJMeterEngine: All thread groups have been started
2018-03-26 15:43:09,940 INFO o.a.j.t.JMeterThread: Thread started: Thread Group 1-4
2018-03-26 15:43:09,940 INFO o.a.j.t.JMeterThread: Thread started: Thread Group 1-3
2018-03-26 15:43:09,957 INFO o.a.j.t.JMeterThread: Thread started: Thread Group 1-5
2018-03-26 15:43:09,959 INFO o.a.j.t.JMeterThread: Thread started: Thread Group 1-2
2018-03-26 15:43:09,961 INFO o.a.j.t.JMeterThread: Thread started: Thread Group 1-1
2018-03-26 15:43:09,962 INFO o.a.j.p.h.s.HTTPHCAbstractImpl: Local host = Anonymous
2018-03-26 15:43:09,962 INFO o.a.j.p.h.s.HTTPHC4Impl: HTTP request retry count = 0
2018-03-26 15:43:10,078 INFO o.a.j.t.JMeterThread: Thread is done: Thread Group 1-5
2018-03-26 15:43:10,078 INFO o.a.j.t.JMeterThread: Thread finished: Thread Group 1-5
2018-03-26 15:43:10,094 INFO o.a.j.t.JMeterThread: Thread is done: Thread Group 1-2
2018-03-26 15:43:10,094 INFO o.a.j.t.JMeterThread: Thread finished: Thread Group 1-2
2018-03-26 15:43:10,094 INFO o.a.j.t.JMeterThread: Thread is done: Thread Group 1-4
2018-03-26 15:43:10,094 INFO o.a.j.t.JMeterThread: Thread finished: Thread Group 1-4
2018-03-26 15:43:10,094 INFO o.a.j.t.JMeterThread: Thread is done: Thread Group 1-3
2018-03-26 15:43:10,094 INFO o.a.j.t.JMeterThread: Thread finished: Thread Group 1-3
2018-03-26 15:43:10,109 INFO o.a.j.t.JMeterThread: Thread is done: Thread Group 1-1
2018-03-26 15:43:10,109 INFO o.a.j.t.JMeterThread: Thread finished: Thread Group 1-1
2018-03-26 15:43:10,109 INFO o.a.j.e.StandardJMeterEngine: Notifying test listeners of end of test
2018-03-26 15:43:10,109 INFO o.a.j.g.u.JMeterMenuBar: setRunning(false, *local*)
2018-03-26 15:43:53,114 INFO o.a.j.e.StandardJMeterEngine: Running the test!
2018-03-26 15:43:53,130 INFO o.a.j.s.SampleEvent: List of sample_variables: []
2018-03-26 15:43:53,130 INFO o.a.j.g.u.JMeterMenuBar: setRunning(true, *local*)
2018-03-26 15:43:53,252 INFO o.a.j.e.StandardJMeterEngine: Starting ThreadGroup: 1 : Thread Group
2018-03-26 15:43:53,252 INFO o.a.j.e.StandardJMeterEngine: Starting 5 threads for group Thread Group.
2018-03-26 15:43:53,252 INFO o.a.j.e.StandardJMeterEngine: Thread will continue on error
2018-03-26 15:43:53,252 INFO o.a.j.t.ThreadGroup: Starting thread group... number=1 threads=5 ramp-up=0 perThread=0.0 delayedStart=false
2018-03-26 15:43:53,252 INFO o.a.j.t.JMeterThread: Thread started: Thread Group 1-2
2018-03-26 15:43:53,252 INFO o.a.j.t.ThreadGroup: Started thread group number 1
2018-03-26 15:43:53,252 INFO o.a.j.e.StandardJMeterEngine: All thread groups have been started
2018-03-26 15:43:53,252 INFO o.a.j.t.JMeterThread: Thread started: Thread Group 1-5
2018-03-26 15:43:53,252 INFO o.a.j.t.JMeterThread: Thread started: Thread Group 1-4
2018-03-26 15:43:53,252 INFO o.a.j.t.JMeterThread: Thread started: Thread Group 1-3
2018-03-26 15:43:53,252 INFO o.a.j.t.JMeterThread: Thread started: Thread Group 1-1
2018-03-26 15:43:53,299 INFO o.a.j.p.h.s.LazySchemeSocketFactory: Setting up HTTPS TrustAll Socket Factory
2018-03-26 15:43:53,315 INFO o.a.j.u.JsseSSLManager: Using default SSL protocol: TLS
2018-03-26 15:43:53,315 INFO o.a.j.u.JsseSSLManager: SSL session context: per-thread
2018-03-26 15:43:53,669 INFO o.a.j.u.SSLManager: JmeterKeyStore Location:  type JKS
2018-03-26 15:43:53,669 INFO o.a.j.u.SSLManager: KeyStore created OK
2018-03-26 15:43:53,669 WARN o.a.j.u.SSLManager: Keystore file not found, loading empty keystore
2018-03-26 15:46:31,472 INFO o.a.j.t.JMeterThread: Thread is done: Thread Group 1-2
2018-03-26 15:46:31,472 INFO o.a.j.t.JMeterThread: Thread finished: Thread Group 1-2
2018-03-26 15:46:31,472 INFO o.a.j.t.JMeterThread: Thread is done: Thread Group 1-3
2018-03-26 15:46:31,472 INFO o.a.j.t.JMeterThread: Thread finished: Thread Group 1-3
2018-03-26 15:46:31,719 INFO o.a.j.t.JMeterThread: Thread is done: Thread Group 1-5
2018-03-26 15:46:31,719 INFO o.a.j.t.JMeterThread: Thread finished: Thread Group 1-5
2018-03-26 15:46:31,756 INFO o.a.j.t.JMeterThread: Thread is done: Thread Group 1-4
2018-03-26 15:46:31,756 INFO o.a.j.t.JMeterThread: Thread finished: Thread Group 1-4
2018-03-26 15:46:31,788 INFO o.a.j.t.JMeterThread: Thread is done: Thread Group 1-1
2018-03-26 15:46:31,788 INFO o.a.j.t.JMeterThread: Thread finished: Thread Group 1-1
2018-03-26 15:46:31,788 INFO o.a.j.e.StandardJMeterEngine: Notifying test listeners of end of test
2018-03-26 15:46:31,788 INFO o.a.j.g.u.JMeterMenuBar: setRunning(false, *local*)
